29-Apr-2020 08:39:48.756 INFO [1] jdk.internal.reflect.DelegatingMethodAccessorImpl.invoke A valid shutdown command was received via the shutdown port. Stopping the Server instance.
29-Apr-2020 08:39:48.757 INFO [Thread-18] jdk.internal.reflect.DelegatingMethodAccessorImpl.invoke Pausing ProtocolHandler ["http-nio-8080"]
29-Apr-2020 08:39:48.781 INFO [Thread-18] jdk.internal.reflect.DelegatingMethodAccessorImpl.invoke Pausing ProtocolHandler ["ajp-nio-8009"]
29-Apr-2020 08:39:48.796 INFO [Thread-18] jdk.internal.reflect.DelegatingMethodAccessorImpl.invoke Stopping service [Catalina]
29-Apr-2020 08:39:48.851 INFO [Thread-18] org.apache.openejb.assembler.classic.Assembler.destroyApplication Undeploying app: C:\Users\11601686\Documents\School\AON\Programming Advanced\Java Advanced\Code\budgetplannerusecase-FZandijk\target\apache-tomee\webapps\BudgetPlanner
29-Apr-2020 08:39:49.054 WARNING [Thread-18] org.apache.catalina.loader.WebappClassLoaderBase.clearReferencesJdbc The web application [BudgetPlanner] registered the JDBC driver [com.mysql.jdbc.Driver] but failed to unregister it when the web application was stopped. To prevent a memory leak, the JDBC Driver has been forcibly unregistered.
29-Apr-2020 08:39:49.058 WARNING [Thread-18] org.apache.catalina.loader.WebappClassLoaderBase.clearReferencesThreads The web application [BudgetPlanner] appears to have started a thread named [Abandoned connection cleanup thread] but has failed to stop it. This is very likely to create a memory leak. Stack trace of thread:
 java.base@14/java.lang.Object.wait(Native Method)
 java.base@14/java.lang.ref.ReferenceQueue.remove(ReferenceQueue.java:155)
 com.mysql.jdbc.AbandonedConnectionCleanupThread.run(AbandonedConnectionCleanupThread.java:64)
 java.base@14/java.util.concurrent.ThreadPoolExecutor.runWorker(ThreadPoolExecutor.java:1130)
 java.base@14/java.util.concurrent.ThreadPoolExecutor$Worker.run(ThreadPoolExecutor.java:630)
 java.base@14/java.lang.Thread.run(Thread.java:832)
29-Apr-2020 08:39:49.068 INFO [Thread-18] jdk.internal.reflect.DelegatingMethodAccessorImpl.invoke Stopping ProtocolHandler ["http-nio-8080"]
29-Apr-2020 08:39:49.072 INFO [Thread-18] jdk.internal.reflect.DelegatingMethodAccessorImpl.invoke Stopping ProtocolHandler ["ajp-nio-8009"]
29-Apr-2020 08:39:49.076 INFO [Thread-18] org.apache.openejb.server.SimpleServiceManager.stop Stopping server services
29-Apr-2020 08:39:49.099 INFO [Thread-18] org.apache.openejb.assembler.classic.Assembler.doResourceDestruction Closing DataSource: Default JDBC Database
29-Apr-2020 08:39:49.102 INFO [Thread-18] org.apache.openejb.assembler.classic.Assembler.doResourceDestruction Closing DataSource: Default Unmanaged JDBC Database
29-Apr-2020 08:39:49.120 INFO [Thread-18] jdk.internal.reflect.DelegatingMethodAccessorImpl.invoke Destroying ProtocolHandler ["http-nio-8080"]
29-Apr-2020 08:39:49.122 INFO [Thread-18] jdk.internal.reflect.DelegatingMethodAccessorImpl.invoke Destroying ProtocolHandler ["ajp-nio-8009"]
